        -:    0:Source:src/crypto.c
        -:    1:/*
        -:    2: * MISRA C Compliance: crypto.c
        -:    3: * This file has been refactored for MISRA C:2012 compliance.
        -:    4: * - No <stdbool.h>; use int for boolean (0/1)
        -:    5: * - No dynamic memory allocation (malloc, free)
        -:    6: * - No mixed declarations and code
        -:    7: * - No unsafe string functions
        -:    8: * - No C99+ features not allowed by MISRA
        -:    9: * - All functions and logic blocks documented
        -:   10: */
        -:   11:#include "../include/crypto.h"
        -:   12:#include "../include/utils.h"
        -:   13:#include "../include/whitespace_stego.h"
        -:   14:#include <openssl/evp.h>
        -:   15:#include <openssl/rand.h>
        -:   16:#include <string.h>
        -:   17:#include <stdlib.h>
        -:   18:#include <openssl/sha.h>
        -:   19:#include <time.h>
        -:   20:
        -:   21:#define KEY_LEN 32
        -:   22:#define IV_LEN 16
        -:   23:
        -:   24:// Derive key from password using SHA-256 (same as Python/Rust)
       10:   25:static int derive_key(const char* password, unsigned char* key) {
       10:   26:    if (!password || !key) {
    #####:   27:        return 0;
        -:   28:    }
        -:   29:    
        -:   30:    // Use SHA-256 to derive a consistent 32-byte key from password
        -:   31:    SHA256_CTX sha256;
       10:   32:    SHA256_Init(&sha256);
       10:   33:    SHA256_Update(&sha256, password, strlen(password));
       10:   34:    SHA256_Final(key, &sha256);
        -:   35:    
       10:   36:    return 1;
        -:   37:}
        -:   38:
        8:   39:int crypto_encrypt(const unsigned char* data, size_t data_len,
        -:   40:                   const char* password, unsigned char** result,
        -:   41:                   size_t* result_len) {
        8:   42:    if (!data || !password || !result || !result_len) {
    #####:   43:        return 0;
        -:   44:    }
        -:   45:    
        -:   46:    // Derive key
        -:   47:    unsigned char key[KEY_LEN];
        8:   48:    if (!derive_key(password, key)) {
    #####:   49:        return 0;
        -:   50:    }
        -:   51:    
        -:   52:    // Generate random IV
        -:   53:    unsigned char iv[IV_LEN];
        8:   54:    if (RAND_bytes(iv, IV_LEN) != 1) {
    #####:   55:        return 0;
        -:   56:    }
        -:   57:    
        -:   58:    // Create cipher context
        8:   59:    EVP_CIPHER_CTX* ctx = EVP_CIPHER_CTX_new();
        8:   60:    if (!ctx) {
    #####:   61:        return 0;
        -:   62:    }
        -:   63:    
        -:   64:    // Initialize encryption
        8:   65:    if (EVP_EncryptInit_ex(ctx, EVP_aes_256_cbc(), NULL, key, iv) != 1) {
    #####:   66:        EVP_CIPHER_CTX_free(ctx);
    #####:   67:        return 0;
        -:   68:    }
        -:   69:    
        -:   70:    // Calculate output size
        8:   71:    *result_len = IV_LEN + data_len + EVP_MAX_BLOCK_LENGTH;
        8:   72:    *result = malloc(*result_len);
        8:   73:    if (!*result) {
    #####:   74:        EVP_CIPHER_CTX_free(ctx);
    #####:   75:        return 0;
        -:   76:    }
        -:   77:    
        -:   78:    // Copy IV to output
        8:   79:    memcpy(*result, iv, IV_LEN);
        8:   80:    int out_len = IV_LEN;
        -:   81:    
        -:   82:    // Encrypt data
        -:   83:    int len;
        8:   84:    if (EVP_EncryptUpdate(ctx, *result + out_len, &len, data, data_len) != 1) {
    #####:   85:        free(*result);
    #####:   86:        EVP_CIPHER_CTX_free(ctx);
    #####:   87:        return 0;
        -:   88:    }
        8:   89:    out_len += len;
        -:   90:    
        -:   91:    // Finalize encryption
        8:   92:    if (EVP_EncryptFinal_ex(ctx, *result + out_len, &len) != 1) {
    #####:   93:        free(*result);
    #####:   94:        EVP_CIPHER_CTX_free(ctx);
    #####:   95:        return 0;
        -:   96:    }
        8:   97:    out_len += len;
        -:   98:    
        -:   99:    // Update final length
        8:  100:    *result_len = out_len;
        -:  101:    
        8:  102:    EVP_CIPHER_CTX_free(ctx);
        8:  103:    return 1;
        -:  104:}
        -:  105:
        2:  106:int crypto_decrypt(const unsigned char* data, size_t data_len,
        -:  107:                   const char* password, unsigned char** result,
        -:  108:                   size_t* result_len) {
        2:  109:    if (!data || !password || !result || !result_len || data_len < IV_LEN) {
    #####:  110:        return 0;
        -:  111:    }
        -:  112:    
        -:  113:    // Derive key
        -:  114:    unsigned char key[KEY_LEN];
        2:  115:    if (!derive_key(password, key)) {
    #####:  116:        return 0;
        -:  117:    }
        -:  118:    
        -:  119:    // Extract IV
        2:  120:    const unsigned char* iv = data;
        2:  121:    const unsigned char* encrypted = data + IV_LEN;
        2:  122:    size_t encrypted_len = data_len - IV_LEN;
        -:  123:    
        -:  124:    // Create cipher context
        2:  125:    EVP_CIPHER_CTX* ctx = EVP_CIPHER_CTX_new();
        2:  126:    if (!ctx) {
    #####:  127:        return 0;
        -:  128:    }
        -:  129:    
        -:  130:    // Initialize decryption
        2:  131:    if (EVP_DecryptInit_ex(ctx, EVP_aes_256_cbc(), NULL, key, iv) != 1) {
    #####:  132:        EVP_CIPHER_CTX_free(ctx);
    #####:  133:        return 0;
        -:  134:    }
        -:  135:    
        -:  136:    // Allocate output buffer
        2:  137:    *result = malloc(encrypted_len);
        2:  138:    if (!*result) {
    #####:  139:        EVP_CIPHER_CTX_free(ctx);
    #####:  140:        return 0;
        -:  141:    }
        -:  142:    
        -:  143:    // Decrypt data
        -:  144:    int out_len;
        2:  145:    if (EVP_DecryptUpdate(ctx, *result, &out_len, encrypted, encrypted_len) != 1) {
    #####:  146:        free(*result);
    #####:  147:        EVP_CIPHER_CTX_free(ctx);
    #####:  148:        return 0;
        -:  149:    }
        -:  150:    
        -:  151:    // Finalize decryption
        -:  152:    int len;
        2:  153:    if (EVP_DecryptFinal_ex(ctx, *result + out_len, &len) != 1) {
    #####:  154:        free(*result);
    #####:  155:        EVP_CIPHER_CTX_free(ctx);
    #####:  156:        return 0;
        -:  157:    }
        -:  158:    
        2:  159:    *result_len = out_len + len;
        2:  160:    EVP_CIPHER_CTX_free(ctx);
        2:  161:    return 1;
        -:  162:}
        -:  163:
       10:  164:void crypto_free(unsigned char* ptr) {
       10:  165:    if (ptr) {
       10:  166:        free(ptr);
        -:  167:    }
       10:  168:} 
