        -:    0:Source:src/utils.c
        -:    1:/*
        -:    2: * MISRA C Compliance: utils.c
        -:    3: * This file has been refactored for MISRA C:2012 compliance.
        -:    4: * - No <stdbool.h>; use int for boolean (0/1)
        -:    5: * - No dynamic memory allocation (malloc, free)
        -:    6: * - No mixed declarations and code
        -:    7: * - No unsafe string functions
        -:    8: * - No C99+ features not allowed by MISRA
        -:    9: * - All functions and logic blocks documented
        -:   10: */
        -:   11:#include "../include/utils.h"
        -:   12:#include <ctype.h>
        -:   13:#include <string.h>
        -:   14:#include <stdlib.h>
        -:   15:
    #####:   16:int is_ascii(const char* str) {
    #####:   17:    const char* p = NULL;
        -:   18:    
    #####:   19:    if (!str) {
    #####:   20:        return 0;
        -:   21:    }
        -:   22:
    #####:   23:    for (p = str; *p; p++) {
    #####:   24:        if ((unsigned char)*p > 127) {
    #####:   25:            return 0;
        -:   26:        }
        -:   27:    }
    #####:   28:    return 1;
        -:   29:}
        -:   30:
        8:   31:int to_base64(const unsigned char* data, size_t data_len, char** result) {
        8:   32:    size_t out_len = 0;
        8:   33:    char* out = NULL;
        8:   34:    size_t i = 0;
        8:   35:    size_t j = 0;
        8:   36:    unsigned char octet_a = 0;
        8:   37:    unsigned char octet_b = 0;
        8:   38:    unsigned char octet_c = 0;
        8:   39:    unsigned int triple = 0;
        8:   40:    size_t pad_len = 0;
        -:   41:    
        -:   42:    // Base64 encoding table
        -:   43:    static const char b64_table[] = 
        -:   44:        "ABCDEFGHIJKLMNOPQRSTUVWXYZabcdefghijklmnopqrstuvwxyz0123456789+/";
        -:   45:
        8:   46:    if (!data || !result || data_len == 0) {
    #####:   47:        return 0;
        -:   48:    }
        -:   49:
        -:   50:    // Calculate output size
        8:   51:    out_len = ((data_len + 2) / 3) * 4 + 1;
        8:   52:    out = malloc(out_len);
        8:   53:    if (!out) {
    #####:   54:        return 0;
        -:   55:    }
        -:   56:
    33460:   57:    for (i = 0, j = 0; i < data_len; i += 3, j += 4) {
   33452*:   58:        octet_a = i < data_len ? data[i] : 0;
   33452*:   59:        octet_b = i + 1 < data_len ? data[i + 1] : 0;
    33452:   60:        octet_c = i + 2 < data_len ? data[i + 2] : 0;
        -:   61:
    33452:   62:        triple = (octet_a << 16) + (octet_b << 8) + octet_c;
        -:   63:
    33452:   64:        out[j] = b64_table[(triple >> 18) & 0x3F];
    33452:   65:        out[j + 1] = b64_table[(triple >> 12) & 0x3F];
    33452:   66:        out[j + 2] = b64_table[(triple >> 6) & 0x3F];
    33452:   67:        out[j + 3] = b64_table[triple & 0x3F];
        -:   68:    }
        -:   69:
        -:   70:    // Add padding
        8:   71:    pad_len = (3 - (data_len % 3)) % 3;
       12:   72:    for (i = 0; i < pad_len; i++) {
        4:   73:        out[out_len - 2 - i] = '=';
        -:   74:    }
        -:   75:
        8:   76:    out[out_len - 1] = '\0';
        8:   77:    *result = out;
        8:   78:    return 1;
        -:   79:}
        -:   80:
        2:   81:int from_base64(const char* str, unsigned char** result, size_t* result_len) {
        2:   82:    size_t len = 0;
        2:   83:    unsigned char* out = NULL;
        2:   84:    size_t i = 0;
        2:   85:    size_t j = 0;
        2:   86:    unsigned char sextet_a = 0;
        2:   87:    unsigned char sextet_b = 0;
        2:   88:    unsigned char sextet_c = 0;
        2:   89:    unsigned char sextet_d = 0;
        2:   90:    unsigned int triple = 0;
        -:   91:    
        -:   92:    // Base64 decoding table
        -:   93:    static const unsigned char b64_table[256] = {
        -:   94:        64, 64, 64, 64, 64, 64, 64, 64, 64, 64, 64, 64, 64, 64, 64, 64,
        -:   95:        64, 64, 64, 64, 64, 64, 64, 64, 64, 64, 64, 64, 64, 64, 64, 64,
        -:   96:        64, 64, 64, 64, 64, 64, 64, 64, 64, 64, 64, 62, 64, 64, 64, 63,
        -:   97:        52, 53, 54, 55, 56, 57, 58, 59, 60, 61, 64, 64, 64, 64, 64, 64,
        -:   98:        64,  0,  1,  2,  3,  4,  5,  6,  7,  8,  9, 10, 11, 12, 13, 14,
        -:   99:        15, 16, 17, 18, 19, 20, 21, 22, 23, 24, 25, 64, 64, 64, 64, 64,
        -:  100:        64, 26, 27, 28, 29, 30, 31, 32, 33, 34, 35, 36, 37, 38, 39, 40,
        -:  101:        41, 42, 43, 44, 45, 46, 47, 48, 49, 50, 51, 64, 64, 64, 64, 64,
        -:  102:        64, 64, 64, 64, 64, 64, 64, 64, 64, 64, 64, 64, 64, 64, 64, 64,
        -:  103:        64, 64, 64, 64, 64, 64, 64, 64, 64, 64, 64, 64, 64, 64, 64, 64,
        -:  104:        64, 64, 64, 64, 64, 64, 64, 64, 64, 64, 64, 64, 64, 64, 64, 64,
        -:  105:        64, 64, 64, 64, 64, 64, 64, 64, 64, 64, 64, 64, 64, 64, 64, 64,
        -:  106:        64, 64, 64, 64, 64, 64, 64, 64, 64, 64, 64, 64, 64, 64, 64, 64,
        -:  107:        64, 64, 64, 64, 64, 64, 64, 64, 64, 64, 64, 64, 64, 64, 64, 64,
        -:  108:        64, 64, 64, 64, 64, 64, 64, 64, 64, 64, 64, 64, 64, 64, 64, 64,
        -:  109:        64, 64, 64, 64, 64, 64, 64, 64, 64, 64, 64, 64, 64, 64, 64, 64
        -:  110:    };
        -:  111:
        2:  112:    if (!str || !result || !result_len) {
    #####:  113:        return 0;
        -:  114:    }
        -:  115:
        2:  116:    len = strlen(str);
        2:  117:    if (len % 4 != 0) {
    #####:  118:        return 0;
        -:  119:    }
        -:  120:
        -:  121:    // Calculate output size
        2:  122:    *result_len = (len / 4) * 3;
       2*:  123:    if (str[len - 1] == '=') (*result_len)--;
       2*:  124:    if (str[len - 2] == '=') (*result_len)--;
        -:  125:
        2:  126:    out = malloc(*result_len);
        2:  127:    if (!out) {
    #####:  128:        return 0;
        -:  129:    }
        -:  130:
    33346:  131:    for (i = 0, j = 0; i < len; i += 4, j += 3) {
    33344:  132:        sextet_a = b64_table[(unsigned char)str[i]];
    33344:  133:        sextet_b = b64_table[(unsigned char)str[i + 1]];
    33344:  134:        sextet_c = b64_table[(unsigned char)str[i + 2]];
    33344:  135:        sextet_d = b64_table[(unsigned char)str[i + 3]];
        -:  136:
    33344:  137:        if (sextet_a == 64 || sextet_b == 64 ||
   33344*:  138:            (sextet_c == 64 && str[i + 2] != '=') ||
    #####:  139:            (sextet_d == 64 && str[i + 3] != '=')) {
    #####:  140:            free(out);
    #####:  141:            return 0;
        -:  142:        }
        -:  143:
    33344:  144:        triple = (sextet_a << 18) + (sextet_b << 12) +
    33344:  145:                (sextet_c << 6) + sextet_d;
        -:  146:
    33344:  147:        if (j < *result_len) out[j] = (triple >> 16) & 0xFF;
    33344:  148:        if (j + 1 < *result_len) out[j + 1] = (triple >> 8) & 0xFF;
    33344:  149:        if (j + 2 < *result_len) out[j + 2] = triple & 0xFF;
        -:  150:    }
        -:  151:
        2:  152:    *result = out;
        2:  153:    return 1;
        -:  154:}
        -:  155:
       10:  156:void utils_free(void* ptr) {
       10:  157:    if (ptr) {
       10:  158:        free(ptr);
        -:  159:    }
       10:  160:}
        -:  161:
    #####:  162:size_t utf8_strlen(const char* str) {
    #####:  163:    size_t len = 0;
    #####:  164:    unsigned char c = 0;
        -:  165:    
    #####:  166:    if (!str) return 0;
    #####:  167:    while (*str) {
    #####:  168:        c = (unsigned char)*str;
    #####:  169:        if ((c & 0x80) == 0) {
        -:  170:            // ASCII, 1 byte
    #####:  171:            str += 1;
    #####:  172:        } else if ((c & 0xE0) == 0xC0) {
        -:  173:            // 2-byte sequence
    #####:  174:            str += 2;
    #####:  175:        } else if ((c & 0xF0) == 0xE0) {
        -:  176:            // 3-byte sequence
    #####:  177:            str += 3;
    #####:  178:        } else if ((c & 0xF8) == 0xF0) {
        -:  179:            // 4-byte sequence
    #####:  180:            str += 4;
        -:  181:        } else {
        -:  182:            // Invalid UTF-8, skip
    #####:  183:            str += 1;
        -:  184:        }
    #####:  185:        len++;
        -:  186:    }
    #####:  187:    return len;
        -:  188:} 
