============================= test session starts ==============================
platform linux -- Python 3.12.3, pytest-8.4.0, pluggy-1.6.0 -- /projects/whitespace-stego3/.venv/bin/python
cachedir: .pytest_cache
rootdir: /projects/whitespace-stego3
configfile: pyproject.toml
testpaths: tests
collecting ... collected 173 items

tests/test_core.py::test_encode_decode[-None-Hello, World!] PASSED       [  0%]
tests/test_core.py::test_encode_decode[-None-Test message with emoji \U0001f600] PASSED [  1%]
tests/test_core.py::test_encode_decode[-None-Multilingual text: \u4f60\u597d, \u4e16\u754c!] PASSED [  1%]
tests/test_core.py::test_encode_decode[-None-Special chars: !@#$%^&*()] PASSED [  2%]
tests/test_core.py::test_encode_decode[-None-] PASSED                    [  2%]
tests/test_core.py::test_encode_decode[-simple_password-Hello, World!] PASSED [  3%]
tests/test_core.py::test_encode_decode[-simple_password-Test message with emoji \U0001f600] PASSED [  4%]
tests/test_core.py::test_encode_decode[-simple_password-Multilingual text: \u4f60\u597d, \u4e16\u754c!] PASSED [  4%]
tests/test_core.py::test_encode_decode[-simple_password-Special chars: !@#$%^&*()] PASSED [  5%]
tests/test_core.py::test_encode_decode[-simple_password-] PASSED         [  5%]
tests/test_core.py::test_encode_decode[-complex_password_123!@#-Hello, World!] PASSED [  6%]
tests/test_core.py::test_encode_decode[-complex_password_123!@#-Test message with emoji \U0001f600] PASSED [  6%]
tests/test_core.py::test_encode_decode[-complex_password_123!@#-Multilingual text: \u4f60\u597d, \u4e16\u754c!] PASSED [  7%]
tests/test_core.py::test_encode_decode[-complex_password_123!@#-Special chars: !@#$%^&*()] PASSED [  8%]
tests/test_core.py::test_encode_decode[-complex_password_123!@#-] PASSED [  8%]
tests/test_core.py::test_encode_decode[--Hello, World!] PASSED           [  9%]
tests/test_core.py::test_encode_decode[--Test message with emoji \U0001f600] PASSED [  9%]
tests/test_core.py::test_encode_decode[--Multilingual text: \u4f60\u597d, \u4e16\u754c!] PASSED [ 10%]
tests/test_core.py::test_encode_decode[--Special chars: !@#$%^&*()] PASSED [ 10%]
tests/test_core.py::test_encode_decode[--] PASSED                        [ 11%]
tests/test_core.py::test_encode_decode[Simple carrier text-None-Hello, World!] PASSED [ 12%]
tests/test_core.py::test_encode_decode[Simple carrier text-None-Test message with emoji \U0001f600] PASSED [ 12%]
tests/test_core.py::test_encode_decode[Simple carrier text-None-Multilingual text: \u4f60\u597d, \u4e16\u754c!] PASSED [ 13%]
tests/test_core.py::test_encode_decode[Simple carrier text-None-Special chars: !@#$%^&*()] PASSED [ 13%]
tests/test_core.py::test_encode_decode[Simple carrier text-None-] PASSED [ 14%]
tests/test_core.py::test_encode_decode[Simple carrier text-simple_password-Hello, World!] PASSED [ 15%]
tests/test_core.py::test_encode_decode[Simple carrier text-simple_password-Test message with emoji \U0001f600] PASSED [ 15%]
tests/test_core.py::test_encode_decode[Simple carrier text-simple_password-Multilingual text: \u4f60\u597d, \u4e16\u754c!] PASSED [ 16%]
tests/test_core.py::test_encode_decode[Simple carrier text-simple_password-Special chars: !@#$%^&*()] PASSED [ 16%]
tests/test_core.py::test_encode_decode[Simple carrier text-simple_password-] PASSED [ 17%]
tests/test_core.py::test_encode_decode[Simple carrier text-complex_password_123!@#-Hello, World!] PASSED [ 17%]
tests/test_core.py::test_encode_decode[Simple carrier text-complex_password_123!@#-Test message with emoji \U0001f600] PASSED [ 18%]
tests/test_core.py::test_encode_decode[Simple carrier text-complex_password_123!@#-Multilingual text: \u4f60\u597d, \u4e16\u754c!] PASSED [ 19%]
tests/test_core.py::test_encode_decode[Simple carrier text-complex_password_123!@#-Special chars: !@#$%^&*()] PASSED [ 19%]
tests/test_core.py::test_encode_decode[Simple carrier text-complex_password_123!@#-] PASSED [ 20%]
tests/test_core.py::test_encode_decode[Simple carrier text--Hello, World!] PASSED [ 20%]
tests/test_core.py::test_encode_decode[Simple carrier text--Test message with emoji \U0001f600] PASSED [ 21%]
tests/test_core.py::test_encode_decode[Simple carrier text--Multilingual text: \u4f60\u597d, \u4e16\u754c!] PASSED [ 21%]
tests/test_core.py::test_encode_decode[Simple carrier text--Special chars: !@#$%^&*()] PASSED [ 22%]
tests/test_core.py::test_encode_decode[Simple carrier text--] PASSED     [ 23%]
tests/test_core.py::test_encode_decode[Carrier with emoji \U0001f389-None-Hello, World!] PASSED [ 23%]
tests/test_core.py::test_encode_decode[Carrier with emoji \U0001f389-None-Test message with emoji \U0001f600] PASSED [ 24%]
tests/test_core.py::test_encode_decode[Carrier with emoji \U0001f389-None-Multilingual text: \u4f60\u597d, \u4e16\u754c!] PASSED [ 24%]
tests/test_core.py::test_encode_decode[Carrier with emoji \U0001f389-None-Special chars: !@#$%^&*()] PASSED [ 25%]
tests/test_core.py::test_encode_decode[Carrier with emoji \U0001f389-None-] PASSED [ 26%]
tests/test_core.py::test_encode_decode[Carrier with emoji \U0001f389-simple_password-Hello, World!] PASSED [ 26%]
tests/test_core.py::test_encode_decode[Carrier with emoji \U0001f389-simple_password-Test message with emoji \U0001f600] PASSED [ 27%]
tests/test_core.py::test_encode_decode[Carrier with emoji \U0001f389-simple_password-Multilingual text: \u4f60\u597d, \u4e16\u754c!] PASSED [ 27%]
tests/test_core.py::test_encode_decode[Carrier with emoji \U0001f389-simple_password-Special chars: !@#$%^&*()] PASSED [ 28%]
tests/test_core.py::test_encode_decode[Carrier with emoji \U0001f389-simple_password-] PASSED [ 28%]
tests/test_core.py::test_encode_decode[Carrier with emoji \U0001f389-complex_password_123!@#-Hello, World!] PASSED [ 29%]
tests/test_core.py::test_encode_decode[Carrier with emoji \U0001f389-complex_password_123!@#-Test message with emoji \U0001f600] PASSED [ 30%]
tests/test_core.py::test_encode_decode[Carrier with emoji \U0001f389-complex_password_123!@#-Multilingual text: \u4f60\u597d, \u4e16\u754c!] PASSED [ 30%]
tests/test_core.py::test_encode_decode[Carrier with emoji \U0001f389-complex_password_123!@#-Special chars: !@#$%^&*()] PASSED [ 31%]
tests/test_core.py::test_encode_decode[Carrier with emoji \U0001f389-complex_password_123!@#-] PASSED [ 31%]
tests/test_core.py::test_encode_decode[Carrier with emoji \U0001f389--Hello, World!] PASSED [ 32%]
tests/test_core.py::test_encode_decode[Carrier with emoji \U0001f389--Test message with emoji \U0001f600] PASSED [ 32%]
tests/test_core.py::test_encode_decode[Carrier with emoji \U0001f389--Multilingual text: \u4f60\u597d, \u4e16\u754c!] PASSED [ 33%]
tests/test_core.py::test_encode_decode[Carrier with emoji \U0001f389--Special chars: !@#$%^&*()] PASSED [ 34%]
tests/test_core.py::test_encode_decode[Carrier with emoji \U0001f389--] PASSED [ 34%]
tests/test_core.py::test_encode_decode[Multilingual carrier: \u4f60\u597d-None-Hello, World!] PASSED [ 35%]
tests/test_core.py::test_encode_decode[Multilingual carrier: \u4f60\u597d-None-Test message with emoji \U0001f600] PASSED [ 35%]
tests/test_core.py::test_encode_decode[Multilingual carrier: \u4f60\u597d-None-Multilingual text: \u4f60\u597d, \u4e16\u754c!] PASSED [ 36%]
tests/test_core.py::test_encode_decode[Multilingual carrier: \u4f60\u597d-None-Special chars: !@#$%^&*()] PASSED [ 36%]
tests/test_core.py::test_encode_decode[Multilingual carrier: \u4f60\u597d-None-] PASSED [ 37%]
tests/test_core.py::test_encode_decode[Multilingual carrier: \u4f60\u597d-simple_password-Hello, World!] PASSED [ 38%]
tests/test_core.py::test_encode_decode[Multilingual carrier: \u4f60\u597d-simple_password-Test message with emoji \U0001f600] PASSED [ 38%]
tests/test_core.py::test_encode_decode[Multilingual carrier: \u4f60\u597d-simple_password-Multilingual text: \u4f60\u597d, \u4e16\u754c!] PASSED [ 39%]
tests/test_core.py::test_encode_decode[Multilingual carrier: \u4f60\u597d-simple_password-Special chars: !@#$%^&*()] PASSED [ 39%]
tests/test_core.py::test_encode_decode[Multilingual carrier: \u4f60\u597d-simple_password-] PASSED [ 40%]
tests/test_core.py::test_encode_decode[Multilingual carrier: \u4f60\u597d-complex_password_123!@#-Hello, World!] PASSED [ 41%]
tests/test_core.py::test_encode_decode[Multilingual carrier: \u4f60\u597d-complex_password_123!@#-Test message with emoji \U0001f600] PASSED [ 41%]
tests/test_core.py::test_encode_decode[Multilingual carrier: \u4f60\u597d-complex_password_123!@#-Multilingual text: \u4f60\u597d, \u4e16\u754c!] PASSED [ 42%]
tests/test_core.py::test_encode_decode[Multilingual carrier: \u4f60\u597d-complex_password_123!@#-Special chars: !@#$%^&*()] PASSED [ 42%]
tests/test_core.py::test_encode_decode[Multilingual carrier: \u4f60\u597d-complex_password_123!@#-] PASSED [ 43%]
tests/test_core.py::test_encode_decode[Multilingual carrier: \u4f60\u597d--Hello, World!] PASSED [ 43%]
tests/test_core.py::test_encode_decode[Multilingual carrier: \u4f60\u597d--Test message with emoji \U0001f600] PASSED [ 44%]
tests/test_core.py::test_encode_decode[Multilingual carrier: \u4f60\u597d--Multilingual text: \u4f60\u597d, \u4e16\u754c!] PASSED [ 45%]
tests/test_core.py::test_encode_decode[Multilingual carrier: \u4f60\u597d--Special chars: !@#$%^&*()] PASSED [ 45%]
tests/test_core.py::test_encode_decode[Multilingual carrier: \u4f60\u597d--] PASSED [ 46%]
tests/test_core.py::test_encode_without_password[-Hello, World!] PASSED  [ 46%]
tests/test_core.py::test_encode_without_password[-Test message with emoji \U0001f600] PASSED [ 47%]
tests/test_core.py::test_encode_without_password[-Multilingual text: \u4f60\u597d, \u4e16\u754c!] PASSED [ 47%]
tests/test_core.py::test_encode_without_password[-Special chars: !@#$%^&*()] PASSED [ 48%]
tests/test_core.py::test_encode_without_password[-] PASSED               [ 49%]
tests/test_core.py::test_encode_without_password[Simple carrier text-Hello, World!] PASSED [ 49%]
tests/test_core.py::test_encode_without_password[Simple carrier text-Test message with emoji \U0001f600] PASSED [ 50%]
tests/test_core.py::test_encode_without_password[Simple carrier text-Multilingual text: \u4f60\u597d, \u4e16\u754c!] PASSED [ 50%]
tests/test_core.py::test_encode_without_password[Simple carrier text-Special chars: !@#$%^&*()] PASSED [ 51%]
tests/test_core.py::test_encode_without_password[Simple carrier text-] PASSED [ 52%]
tests/test_core.py::test_encode_without_password[Carrier with emoji \U0001f389-Hello, World!] PASSED [ 52%]
tests/test_core.py::test_encode_without_password[Carrier with emoji \U0001f389-Test message with emoji \U0001f600] PASSED [ 53%]
tests/test_core.py::test_encode_without_password[Carrier with emoji \U0001f389-Multilingual text: \u4f60\u597d, \u4e16\u754c!] PASSED [ 53%]
tests/test_core.py::test_encode_without_password[Carrier with emoji \U0001f389-Special chars: !@#$%^&*()] PASSED [ 54%]
tests/test_core.py::test_encode_without_password[Carrier with emoji \U0001f389-] PASSED [ 54%]
tests/test_core.py::test_encode_without_password[Multilingual carrier: \u4f60\u597d-Hello, World!] PASSED [ 55%]
tests/test_core.py::test_encode_without_password[Multilingual carrier: \u4f60\u597d-Test message with emoji \U0001f600] PASSED [ 56%]
tests/test_core.py::test_encode_without_password[Multilingual carrier: \u4f60\u597d-Multilingual text: \u4f60\u597d, \u4e16\u754c!] PASSED [ 56%]
tests/test_core.py::test_encode_without_password[Multilingual carrier: \u4f60\u597d-Special chars: !@#$%^&*()] PASSED [ 57%]
tests/test_core.py::test_encode_without_password[Multilingual carrier: \u4f60\u597d-] PASSED [ 57%]
tests/test_core.py::test_encode_with_password[-Hello, World!] PASSED     [ 58%]
tests/test_core.py::test_encode_with_password[-Test message with emoji \U0001f600] PASSED [ 58%]
tests/test_core.py::test_encode_with_password[-Multilingual text: \u4f60\u597d, \u4e16\u754c!] PASSED [ 59%]
tests/test_core.py::test_encode_with_password[-Special chars: !@#$%^&*()] PASSED [ 60%]
tests/test_core.py::test_encode_with_password[-] PASSED                  [ 60%]
tests/test_core.py::test_encode_with_password[Simple carrier text-Hello, World!] PASSED [ 61%]
tests/test_core.py::test_encode_with_password[Simple carrier text-Test message with emoji \U0001f600] PASSED [ 61%]
tests/test_core.py::test_encode_with_password[Simple carrier text-Multilingual text: \u4f60\u597d, \u4e16\u754c!] PASSED [ 62%]
tests/test_core.py::test_encode_with_password[Simple carrier text-Special chars: !@#$%^&*()] PASSED [ 63%]
tests/test_core.py::test_encode_with_password[Simple carrier text-] PASSED [ 63%]
tests/test_core.py::test_encode_with_password[Carrier with emoji \U0001f389-Hello, World!] PASSED [ 64%]
tests/test_core.py::test_encode_with_password[Carrier with emoji \U0001f389-Test message with emoji \U0001f600] PASSED [ 64%]
tests/test_core.py::test_encode_with_password[Carrier with emoji \U0001f389-Multilingual text: \u4f60\u597d, \u4e16\u754c!] PASSED [ 65%]
tests/test_core.py::test_encode_with_password[Carrier with emoji \U0001f389-Special chars: !@#$%^&*()] PASSED [ 65%]
tests/test_core.py::test_encode_with_password[Carrier with emoji \U0001f389-] PASSED [ 66%]
tests/test_core.py::test_encode_with_password[Multilingual carrier: \u4f60\u597d-Hello, World!] PASSED [ 67%]
tests/test_core.py::test_encode_with_password[Multilingual carrier: \u4f60\u597d-Test message with emoji \U0001f600] PASSED [ 67%]
tests/test_core.py::test_encode_with_password[Multilingual carrier: \u4f60\u597d-Multilingual text: \u4f60\u597d, \u4e16\u754c!] PASSED [ 68%]
tests/test_core.py::test_encode_with_password[Multilingual carrier: \u4f60\u597d-Special chars: !@#$%^&*()] PASSED [ 68%]
tests/test_core.py::test_encode_with_password[Multilingual carrier: \u4f60\u597d-] PASSED [ 69%]
tests/test_core.py::test_empty_carrier[Hello, World!] PASSED             [ 69%]
tests/test_core.py::test_empty_carrier[Test message with emoji \U0001f600] PASSED [ 70%]
tests/test_core.py::test_empty_carrier[Multilingual text: \u4f60\u597d, \u4e16\u754c!] PASSED [ 71%]
tests/test_core.py::test_empty_carrier[Special chars: !@#$%^&*()] PASSED [ 71%]
tests/test_core.py::test_empty_carrier[] PASSED                          [ 72%]
tests/test_core.py::test_invalid_decode[] PASSED                         [ 72%]
tests/test_core.py::test_invalid_decode[Simple carrier text] PASSED      [ 73%]
tests/test_core.py::test_invalid_decode[Carrier with emoji \U0001f389] PASSED [ 73%]
tests/test_core.py::test_invalid_decode[Multilingual carrier: \u4f60\u597d] PASSED [ 74%]
tests/test_core.py::test_extract_encoded[-Hello, World!] PASSED          [ 75%]
tests/test_core.py::test_extract_encoded[-Test message with emoji \U0001f600] PASSED [ 75%]
tests/test_core.py::test_extract_encoded[-Multilingual text: \u4f60\u597d, \u4e16\u754c!] PASSED [ 76%]
tests/test_core.py::test_extract_encoded[-Special chars: !@#$%^&*()] PASSED [ 76%]
tests/test_core.py::test_extract_encoded[-] PASSED                       [ 77%]
tests/test_core.py::test_extract_encoded[Simple carrier text-Hello, World!] PASSED [ 78%]
tests/test_core.py::test_extract_encoded[Simple carrier text-Test message with emoji \U0001f600] PASSED [ 78%]
tests/test_core.py::test_extract_encoded[Simple carrier text-Multilingual text: \u4f60\u597d, \u4e16\u754c!] PASSED [ 79%]
tests/test_core.py::test_extract_encoded[Simple carrier text-Special chars: !@#$%^&*()] PASSED [ 79%]
tests/test_core.py::test_extract_encoded[Simple carrier text-] PASSED    [ 80%]
tests/test_core.py::test_extract_encoded[Carrier with emoji \U0001f389-Hello, World!] PASSED [ 80%]
tests/test_core.py::test_extract_encoded[Carrier with emoji \U0001f389-Test message with emoji \U0001f600] PASSED [ 81%]
tests/test_core.py::test_extract_encoded[Carrier with emoji \U0001f389-Multilingual text: \u4f60\u597d, \u4e16\u754c!] PASSED [ 82%]
tests/test_core.py::test_extract_encoded[Carrier with emoji \U0001f389-Special chars: !@#$%^&*()] PASSED [ 82%]
tests/test_core.py::test_extract_encoded[Carrier with emoji \U0001f389-] PASSED [ 83%]
tests/test_core.py::test_extract_encoded[Multilingual carrier: \u4f60\u597d-Hello, World!] PASSED [ 83%]
tests/test_core.py::test_extract_encoded[Multilingual carrier: \u4f60\u597d-Test message with emoji \U0001f600] PASSED [ 84%]
tests/test_core.py::test_extract_encoded[Multilingual carrier: \u4f60\u597d-Multilingual text: \u4f60\u597d, \u4e16\u754c!] PASSED [ 84%]
tests/test_core.py::test_extract_encoded[Multilingual carrier: \u4f60\u597d-Special chars: !@#$%^&*()] PASSED [ 85%]
tests/test_core.py::test_extract_encoded[Multilingual carrier: \u4f60\u597d-] PASSED [ 86%]
tests/test_core.py::test_extract_encoded_invalid[] PASSED                [ 86%]
tests/test_core.py::test_extract_encoded_invalid[Simple carrier text] PASSED [ 87%]
tests/test_core.py::test_extract_encoded_invalid[Carrier with emoji \U0001f389] PASSED [ 87%]
tests/test_core.py::test_extract_encoded_invalid[Multilingual carrier: \u4f60\u597d] PASSED [ 88%]
tests/test_core.py::test_password_mismatch[None-Hello, World!] PASSED    [ 89%]
tests/test_core.py::test_password_mismatch[None-Test message with emoji \U0001f600] PASSED [ 89%]
tests/test_core.py::test_password_mismatch[None-Multilingual text: \u4f60\u597d, \u4e16\u754c!] PASSED [ 90%]
tests/test_core.py::test_password_mismatch[None-Special chars: !@#$%^&*()] PASSED [ 90%]
tests/test_core.py::test_password_mismatch[None-] PASSED                 [ 91%]
tests/test_core.py::test_password_mismatch[simple_password-Hello, World!] PASSED [ 91%]
tests/test_core.py::test_password_mismatch[simple_password-Test message with emoji \U0001f600] PASSED [ 92%]
tests/test_core.py::test_password_mismatch[simple_password-Multilingual text: \u4f60\u597d, \u4e16\u754c!] PASSED [ 93%]
tests/test_core.py::test_password_mismatch[simple_password-Special chars: !@#$%^&*()] PASSED [ 93%]
tests/test_core.py::test_password_mismatch[simple_password-] PASSED      [ 94%]
tests/test_core.py::test_password_mismatch[complex_password_123!@#-Hello, World!] PASSED [ 94%]
tests/test_core.py::test_password_mismatch[complex_password_123!@#-Test message with emoji \U0001f600] PASSED [ 95%]
tests/test_core.py::test_password_mismatch[complex_password_123!@#-Multilingual text: \u4f60\u597d, \u4e16\u754c!] PASSED [ 95%]
tests/test_core.py::test_password_mismatch[complex_password_123!@#-Special chars: !@#$%^&*()] PASSED [ 96%]
tests/test_core.py::test_password_mismatch[complex_password_123!@#-] PASSED [ 97%]
tests/test_core.py::test_password_mismatch[-Hello, World!] PASSED        [ 97%]
tests/test_core.py::test_password_mismatch[-Test message with emoji \U0001f600] PASSED [ 98%]
tests/test_core.py::test_password_mismatch[-Multilingual text: \u4f60\u597d, \u4e16\u754c!] PASSED [ 98%]
tests/test_core.py::test_password_mismatch[-Special chars: !@#$%^&*()] PASSED [ 99%]
tests/test_core.py::test_password_mismatch[-] PASSED                     [100%]

============================= 173 passed in 0.14s ==============================
