TN:
SF:/projects/whitespace-stego3/implementations/c/src/crypto.c
FN:106,162,crypto_decrypt
FN:164,168,crypto_free
FN:25,37,derive_key
FN:39,104,crypto_encrypt
FNDA:2,crypto_decrypt
FNDA:10,crypto_free
FNDA:10,derive_key
FNDA:8,crypto_encrypt
FNF:4
FNH:4
DA:25,10
DA:26,10
DA:27,0
DA:32,10
DA:33,10
DA:34,10
DA:36,10
DA:39,8
DA:42,8
DA:43,0
DA:48,8
DA:49,0
DA:54,8
DA:55,0
DA:59,8
DA:60,8
DA:61,0
DA:65,8
DA:66,0
DA:67,0
DA:71,8
DA:72,8
DA:73,8
DA:74,0
DA:75,0
DA:79,8
DA:80,8
DA:84,8
DA:85,0
DA:86,0
DA:87,0
DA:89,8
DA:92,8
DA:93,0
DA:94,0
DA:95,0
DA:97,8
DA:100,8
DA:102,8
DA:103,8
DA:106,2
DA:109,2
DA:110,0
DA:115,2
DA:116,0
DA:120,2
DA:121,2
DA:122,2
DA:125,2
DA:126,2
DA:127,0
DA:131,2
DA:132,0
DA:133,0
DA:137,2
DA:138,2
DA:139,0
DA:140,0
DA:145,2
DA:146,0
DA:147,0
DA:148,0
DA:153,2
DA:154,0
DA:155,0
DA:156,0
DA:159,2
DA:160,2
DA:161,2
DA:164,10
DA:165,10
DA:166,10
DA:168,10
LF:73
LH:45
end_of_record
TN:
SF:/projects/whitespace-stego3/implementations/c/src/utils.c
FN:156,160,utils_free
FN:16,29,is_ascii
FN:162,188,utf8_strlen
FN:31,79,to_base64
FN:81,154,from_base64
FNDA:10,utils_free
FNDA:0,is_ascii
FNDA:0,utf8_strlen
FNDA:8,to_base64
FNDA:2,from_base64
FNF:5
FNH:3
DA:16,0
DA:17,0
DA:19,0
DA:20,0
DA:23,0
DA:24,0
DA:25,0
DA:28,0
DA:31,8
DA:32,8
DA:33,8
DA:34,8
DA:35,8
DA:36,8
DA:37,8
DA:38,8
DA:39,8
DA:40,8
DA:46,8
DA:47,0
DA:51,8
DA:52,8
DA:53,8
DA:54,0
DA:57,33460
DA:58,33452
DA:59,33452
DA:60,33452
DA:62,33452
DA:64,33452
DA:65,33452
DA:66,33452
DA:67,33452
DA:71,8
DA:72,12
DA:73,4
DA:76,8
DA:77,8
DA:78,8
DA:81,2
DA:82,2
DA:83,2
DA:84,2
DA:85,2
DA:86,2
DA:87,2
DA:88,2
DA:89,2
DA:90,2
DA:112,2
DA:113,0
DA:116,2
DA:117,2
DA:118,0
DA:122,2
DA:123,2
DA:124,2
DA:126,2
DA:127,2
DA:128,0
DA:131,33346
DA:132,33344
DA:133,33344
DA:134,33344
DA:135,33344
DA:137,33344
DA:138,33344
DA:139,0
DA:140,0
DA:141,0
DA:144,33344
DA:145,33344
DA:147,33344
DA:148,33344
DA:149,33344
DA:152,2
DA:153,2
DA:156,10
DA:157,10
DA:158,10
DA:160,10
DA:162,0
DA:163,0
DA:164,0
DA:166,0
DA:167,0
DA:168,0
DA:169,0
DA:171,0
DA:172,0
DA:174,0
DA:175,0
DA:177,0
DA:178,0
DA:180,0
DA:183,0
DA:185,0
DA:187,0
LF:98
LH:65
end_of_record
TN:
SF:/projects/whitespace-stego3/implementations/c/src/whitespace_stego.c
FN:189,218,whitespace_stego_decode
FN:220,425,whitespace_stego_decode_all
FN:27,29,whitespace_stego_last_error
FN:32,50,encode_binary
FN:427,431,whitespace_stego_free
FN:433,442,whitespace_stego_free_all
FN:53,78,decode_binary
FN:80,187,whitespace_stego_encode
FNDA:10,whitespace_stego_decode
FNDA:6,whitespace_stego_decode_all
FNDA:0,whitespace_stego_last_error
FNDA:8,encode_binary
FNDA:6,whitespace_stego_free
FNDA:0,whitespace_stego_free_all
FNDA:2,decode_binary
FNDA:12,whitespace_stego_encode
FNF:8
FNH:6
DA:27,0
DA:28,0
DA:32,8
DA:33,8
DA:34,8
DA:35,8
DA:36,8
DA:37,133816
DA:38,1204272
DA:39,1070464
DA:40,506460
DA:41,506460
DA:43,564004
DA:44,564004
DA:48,8
DA:49,8
DA:53,2
DA:54,2
DA:55,2
DA:56,2
DA:57,2
DA:58,2
DA:59,2
DA:60,2
DA:61,2
DA:62,2
DA:63,1067010
DA:64,1067008
DA:65,1067008
DA:66,1067008
DA:67,1067008
DA:68,1067008
DA:69,1067008
DA:70,1067008
DA:71,133376
DA:72,133376
DA:73,133376
DA:76,2
DA:77,2
DA:80,12
DA:82,12
DA:83,4
DA:84,4
DA:88,8
DA:89,0
DA:90,0
DA:92,8
DA:93,8
DA:94,8
DA:97,8
DA:99,8
DA:100,0
DA:103,8
DA:104,0
DA:105,0
DA:107,8
DA:110,0
DA:111,0
DA:116,8
DA:117,8
DA:118,8
DA:121,8
DA:122,8
DA:123,8
DA:124,8
DA:125,8
DA:126,8
DA:127,8
DA:128,8
DA:131,8
DA:133,4
DA:136,4
DA:137,4
DA:138,4
DA:141,4
DA:142,4
DA:146,4
DA:147,4
DA:149,4
DA:150,0
DA:152,0
DA:153,0
DA:155,0
DA:158,0
DA:162,4
DA:163,0
DA:167,4
DA:168,4
DA:169,4
DA:172,4
DA:175,4
DA:178,4
DA:179,2
DA:182,4
DA:183,4
DA:184,4
DA:186,8
DA:189,10
DA:191,10
DA:192,4
DA:193,4
DA:197,6
DA:198,6
DA:200,6
DA:201,4
DA:204,2
DA:205,0
DA:206,0
DA:210,2
DA:213,2
DA:214,0
DA:217,2
DA:220,6
DA:222,6
DA:223,0
DA:224,0
DA:228,6
DA:229,6
DA:230,6
DA:231,6
DA:234,6
DA:235,6
DA:236,6
DA:237,6
DA:238,6
DA:240,6
DA:241,6
DA:242,6
DA:243,0
DA:244,0
DA:245,0
DA:246,0
DA:250,6
DA:251,8
DA:252,2
DA:253,2
DA:254,2
DA:258,6
DA:259,8
DA:260,2
DA:261,2
DA:262,2
DA:266,6
DA:267,6
DA:268,0
DA:269,0
DA:270,0
DA:271,0
DA:274,6
DA:275,6
DA:276,6
DA:279,8
DA:280,2
DA:281,2
DA:284,2
DA:285,0
DA:286,0
DA:290,2
DA:291,2
DA:292,2
DA:294,0
DA:295,0
DA:296,0
DA:298,2
DA:299,2
DA:302,2
DA:303,2
DA:304,2
DA:305,2
DA:306,0
DA:307,0
DA:308,0
DA:312,2
DA:313,2
DA:314,0
DA:315,0
DA:316,0
DA:317,0
DA:319,2
DA:320,2
DA:323,2
DA:324,2
DA:325,2
DA:326,2
DA:327,2
DA:328,2
DA:329,2
DA:330,2
DA:332,2
DA:335,4
DA:336,0
DA:339,2
DA:340,0
DA:341,0
DA:344,2
DA:345,2
DA:346,2
DA:347,2
DA:349,2
DA:350,2
DA:355,0
DA:356,0
DA:358,0
DA:359,0
DA:360,0
DA:361,0
DA:363,0
DA:367,2
DA:369,2
DA:370,2
DA:371,2
DA:372,2
DA:374,2
DA:378,2
DA:379,2
DA:381,2
DA:383,0
DA:384,0
DA:385,0
DA:389,2
DA:390,2
DA:394,6
DA:395,6
DA:396,6
DA:398,6
DA:399,4
DA:400,4
DA:403,4
DA:404,4
DA:406,0
DA:407,0
DA:412,2
DA:413,2
DA:415,0
DA:416,0
DA:418,0
DA:419,0
DA:422,2
DA:423,2
DA:424,2
DA:427,6
DA:428,6
DA:429,6
DA:431,6
DA:433,0
DA:434,0
DA:435,0
DA:436,0
DA:437,0
DA:440,0
DA:442,0
LF:251
LH:185
end_of_record
TN:
SF:/projects/whitespace-stego3/implementations/c/test/test_gcov.c
FN:106,155,test_edge_cases
FN:158,179,test_error_conditions
FN:181,190,main
FN:38,103,test_all_combinations
FNDA:2,test_edge_cases
FNDA:2,test_error_conditions
FNDA:2,main
FNDA:2,test_all_combinations
FNF:4
FNH:4
DA:38,2
DA:39,2
DA:41,12
DA:42,60
DA:43,50
DA:44,0
DA:45,0
DA:48,0
DA:49,0
DA:56,0
DA:57,0
DA:61,0
DA:69,0
DA:71,0
DA:78,0
DA:80,0
DA:83,0
DA:84,0
DA:90,0
DA:92,0
DA:93,0
DA:96,0
DA:102,2
DA:103,2
DA:106,2
DA:107,2
DA:109,2
DA:113,2
DA:114,2
DA:115,2
DA:116,2
DA:117,2
DA:120,2
DA:121,2
DA:124,2
DA:125,2
DA:127,2
DA:128,2
DA:129,2
DA:130,2
DA:131,2
DA:133,2
DA:134,2
DA:137,2
DA:138,2
DA:139,2
DA:142,2
DA:143,2
DA:144,2
DA:147,2
DA:151,2
DA:152,2
DA:154,2
DA:155,2
DA:158,2
DA:159,2
DA:161,2
DA:164,2
DA:165,2
DA:168,2
DA:171,2
DA:172,2
DA:173,2
DA:176,2
DA:178,2
DA:179,2
DA:181,2
DA:182,2
DA:184,2
DA:185,2
DA:186,2
DA:188,2
DA:189,2
LF:73
LH:56
end_of_record
