<?xml version="1.0"?><coverage lines-covered="160" lines-valid="377" line-rate="0.4244031830238727" branches-covered="0" branches-valid="0" branch-rate="0" complexity="0" version="1.9" timestamp="1751596662"><sources><source>/projects/whitespace-stego3</source></sources><packages><package name="wasi/src" line-rate="0" branch-rate="0" complexity="0"><classes></classes></package><package name="rust/target/release/build/typenum-0c785db15b18a4c4/out" line-rate="0" branch-rate="0" complexity="0"><classes></classes></package><package name="src" line-rate="0" branch-rate="0" complexity="0"><classes><class name="decode" filename="src/decode.rs" line-rate="0" branch-rate="0" complexity="0"><methods/><lines><line number="13" hits="0"/><line number="31" hits="0"/><line number="32" hits="0"/><line number="33" hits="0"/><line number="34" hits="0"/><line number="35" hits="0"/><line number="36" hits="0"/><line number="38" hits="0"/><line number="40" hits="0"/><line number="50" hits="0"/><line number="58" hits="0"/></lines></class></classes></package><package name="whitespace-stego-python/target/release/build/target-lexicon-b956ea8740ea58e9/out" line-rate="0" branch-rate="0" complexity="0"><classes></classes></package><package name="rust/target/release/build/target-lexicon-b956ea8740ea58e9/out" line-rate="0" branch-rate="0" complexity="0"><classes></classes></package><package name="rust/target/release/build/typenum-1ae0ecf026fba2ae/out" line-rate="0" branch-rate="0" complexity="0"><classes></classes></package><package name="whitespace-stego-cli/src/io" line-rate="0" branch-rate="0" complexity="0"><classes><class name="streams" filename="whitespace-stego-cli/src/io/streams.rs" line-rate="0" branch-rate="0" complexity="0"><methods/><lines><line number="28" hits="0"/><line number="29" hits="0"/><line number="31" hits="0"/><line number="32" hits="0"/><line number="33" hits="0"/><line number="34" hits="0"/><line number="35" hits="0"/><line number="36" hits="0"/><line number="37" hits="0"/><line number="39" hits="0"/><line number="41" hits="0"/><line number="44" hits="0"/><line number="46" hits="0"/><line number="47" hits="0"/><line number="48" hits="0"/><line number="50" hits="0"/><line number="51" hits="0"/><line number="52" hits="0"/><line number="56" hits="0"/><line number="57" hits="0"/><line number="60" hits="0"/><line number="77" hits="0"/><line number="78" hits="0"/></lines></class></classes></package><package name="whitespace-stego-core/tests" line-rate="0" branch-rate="0" complexity="0"><classes></classes></package><package name="rust/src" line-rate="0" branch-rate="0" complexity="0"><classes><class name="main" filename="rust/src/main.rs" line-rate="0" branch-rate="0" complexity="0"><methods/><lines><line number="8" hits="0"/><line number="9" hits="0"/><line number="10" hits="0"/><line number="15" hits="0"/><line number="16" hits="0"/><line number="18" hits="0"/><line number="25" hits="0"/><line number="31" hits="0"/><line number="38" hits="0"/><line number="44" hits="0"/><line number="51" hits="0"/><line number="59" hits="0"/><line number="60" hits="0"/><line number="62" hits="0"/><line number="69" hits="0"/><line number="75" hits="0"/><line number="82" hits="0"/><line number="91" hits="0"/><line number="92" hits="0"/><line number="93" hits="0"/><line number="94" hits="0"/><line number="95" hits="0"/><line number="96" hits="0"/><line number="98" hits="0"/><line number="100" hits="0"/><line number="101" hits="0"/><line number="102" hits="0"/><line number="103" hits="0"/><line number="105" hits="0"/><line number="107" hits="0"/><line number="108" hits="0"/><line number="109" hits="0"/><line number="110" hits="0"/><line number="111" hits="0"/><line number="112" hits="0"/><line number="114" hits="0"/><line number="117" hits="0"/><line number="118" hits="0"/><line number="119" hits="0"/><line number="120" hits="0"/><line number="121" hits="0"/><line number="123" hits="0"/><line number="125" hits="0"/><line number="126" hits="0"/><line number="127" hits="0"/><line number="129" hits="0"/><line number="130" hits="0"/><line number="132" hits="0"/><line number="136" hits="0"/><line number="139" hits="0"/></lines></class></classes></package><package name="whitespace-stego-core/src" line-rate="0.5460750853242321" branch-rate="0" complexity="0"><classes><class name="crypto" filename="whitespace-stego-core/src/crypto.rs" line-rate="0.6857142857142857" branch-rate="0" complexity="0"><methods/><lines><line number="33" hits="2"/><line number="34" hits="2"/><line number="35" hits="2"/><line number="36" hits="2"/><line number="37" hits="2"/><line number="56" hits="2"/><line number="57" hits="2"/><line number="60" hits="2"/><line number="61" hits="2"/><line number="62" hits="0"/><line number="66" hits="2"/><line number="67" hits="0"/><line number="71" hits="2"/><line number="74" hits="4"/><line number="75" hits="2"/><line number="76" hits="2"/><line number="78" hits="2"/><line number="97" hits="2"/><line number="98" hits="2"/><line number="99" hits="0"/><line number="100" hits="0"/><line number="104" hits="2"/><line number="107" hits="2"/><line number="108" hits="2"/><line number="111" hits="2"/><line number="113" hits="0"/><line number="117" hits="2"/><line number="119" hits="2"/><line number="120" hits="1"/><line number="137" hits="0"/><line number="138" hits="0"/><line number="139" hits="0"/><line number="144" hits="0"/><line number="145" hits="0"/><line number="149" hits="0"/></lines></class><class name="decode" filename="whitespace-stego-core/src/decode.rs" line-rate="0.5531914893617021" branch-rate="0" complexity="0"><methods/><lines><line number="14" hits="1"/><line number="15" hits="2"/><line number="20" hits="2"/><line number="43" hits="1"/><line number="44" hits="1"/><line number="45" hits="1"/><line number="46" hits="1"/><line number="48" hits="2"/><line number="49" hits="3"/><line number="50" hits="4"/><line number="51" hits="5"/><line number="53" hits="10"/><line number="54" hits="5"/><line number="55" hits="5"/><line number="56" hits="5"/><line number="62" hits="5"/><line number="63" hits="0"/><line number="69" hits="5"/><line number="96" hits="1"/><line number="97" hits="4"/><line number="100" hits="6"/><line number="101" hits="9"/><line number="103" hits="0"/><line number="131" hits="1"/><line number="132" hits="1"/><line number="133" hits="1"/><line number="134" hits="1"/><line number="135" hits="1"/><line number="136" hits="2"/><line number="137" hits="2"/><line number="138" hits="1"/><line number="139" hits="1"/><line number="140" hits="2"/><line number="144" hits="1"/><line number="145" hits="2"/><line number="146" hits="2"/><line number="148" hits="3"/><line number="149" hits="2"/><line number="151" hits="1"/><line number="152" hits="3"/><line number="153" hits="1"/><line number="154" hits="1"/><line number="155" hits="2"/><line number="157" hits="4"/><line number="159" hits="1"/><line number="161" hits="1"/><line number="163" hits="1"/><line number="164" hits="2"/><line number="166" hits="1"/><line number="167" hits="5"/><line number="169" hits="0"/><line number="170" hits="0"/><line number="175" hits="7"/><line number="177" hits="4"/><line number="178" hits="2"/><line number="180" hits="4"/><line number="181" hits="1"/><line number="183" hits="2"/><line number="184" hits="1"/><line number="187" hits="0"/><line number="188" hits="0"/><line number="195" hits="2"/><line number="196" hits="2"/><line number="197" hits="1"/><line number="203" hits="0"/><line number="204" hits="0"/><line number="205" hits="0"/><line number="210" hits="6"/><line number="211" hits="3"/><line number="212" hits="3"/><line number="213" hits="3"/><line number="216" hits="0"/><line number="217" hits="0"/><line number="224" hits="0"/><line number="225" hits="0"/><line number="226" hits="0"/><line number="231" hits="6"/><line number="232" hits="3"/><line number="234" hits="2"/><line number="237" hits="6"/><line number="238" hits="0"/><line number="242" hits="2"/><line number="245" hits="1"/><line number="246" hits="2"/><line number="247" hits="0"/><line number="248" hits="0"/><line number="250" hits="2"/><line number="251" hits="1"/><line number="252" hits="1"/><line number="256" hits="3"/><line number="257" hits="0"/><line number="258" hits="0"/><line number="262" hits="2"/><line number="263" hits="1"/><line number="264" hits="1"/><line number="268" hits="3"/><line number="269" hits="3"/><line number="291" hits="0"/><line number="292" hits="0"/><line number="294" hits="0"/><line number="295" hits="0"/><line number="297" hits="0"/><line number="298" hits="0"/><line number="300" hits="0"/><line number="301" hits="0"/><line number="307" hits="0"/><line number="308" hits="0"/><line number="309" hits="0"/><line number="310" hits="0"/><line number="312" hits="0"/><line number="313" hits="0"/><line number="314" hits="0"/><line number="315" hits="0"/><line number="317" hits="0"/><line number="318" hits="0"/><line number="319" hits="0"/><line number="324" hits="0"/><line number="325" hits="0"/><line number="329" hits="0"/><line number="331" hits="0"/><line number="332" hits="0"/><line number="336" hits="0"/><line number="337" hits="0"/><line number="338" hits="0"/><line number="342" hits="0"/><line number="343" hits="0"/><line number="346" hits="0"/><line number="361" hits="0"/><line number="362" hits="0"/><line number="363" hits="0"/><line number="365" hits="0"/><line number="366" hits="0"/><line number="369" hits="0"/><line number="388" hits="0"/><line number="389" hits="0"/><line number="390" hits="0"/><line number="391" hits="0"/><line number="410" hits="0"/><line number="411" hits="0"/><line number="412" hits="0"/><line number="413" hits="0"/></lines></class><class name="encode" filename="whitespace-stego-core/src/encode.rs" line-rate="0.5567010309278351" branch-rate="0" complexity="0"><methods/><lines><line number="29" hits="3"/><line number="30" hits="3"/><line number="31" hits="6"/><line number="32" hits="6"/><line number="33" hits="6"/><line number="34" hits="3"/><line number="36" hits="3"/><line number="50" hits="4"/><line number="51" hits="4"/><line number="52" hits="4"/><line number="53" hits="4"/><line number="70" hits="2"/><line number="72" hits="2"/><line number="73" hits="4"/><line number="74" hits="4"/><line number="75" hits="4"/><line number="78" hits="4"/><line number="81" hits="4"/><line number="82" hits="9"/><line number="83" hits="3"/><line number="85" hits="1"/><line number="91" hits="0"/><line number="92" hits="0"/><line number="93" hits="0"/><line number="96" hits="0"/><line number="109" hits="4"/><line number="111" hits="4"/><line number="112" hits="4"/><line number="113" hits="4"/><line number="114" hits="4"/><line number="117" hits="4"/><line number="118" hits="2"/><line number="119" hits="6"/><line number="120" hits="0"/><line number="123" hits="6"/><line number="124" hits="3"/><line number="125" hits="6"/><line number="126" hits="3"/><line number="127" hits="3"/><line number="129" hits="6"/><line number="131" hits="3"/><line number="135" hits="1"/><line number="136" hits="2"/><line number="137" hits="1"/><line number="139" hits="2"/><line number="141" hits="0"/><line number="142" hits="0"/><line number="143" hits="0"/><line number="146" hits="0"/><line number="147" hits="0"/><line number="148" hits="0"/><line number="149" hits="0"/><line number="150" hits="0"/><line number="152" hits="0"/><line number="154" hits="0"/><line number="155" hits="0"/><line number="157" hits="0"/><line number="158" hits="0"/><line number="161" hits="1"/><line number="189" hits="5"/><line number="191" hits="5"/><line number="192" hits="0"/><line number="198" hits="7"/><line number="200" hits="2"/><line number="202" hits="4"/><line number="205" hits="3"/><line number="209" hits="6"/><line number="210" hits="6"/><line number="213" hits="6"/><line number="214" hits="1"/><line number="218" hits="5"/><line number="221" hits="4"/><line number="223" hits="1"/><line number="238" hits="0"/><line number="239" hits="0"/><line number="254" hits="0"/><line number="255" hits="0"/><line number="256" hits="0"/><line number="258" hits="0"/><line number="259" hits="0"/><line number="263" hits="0"/><line number="264" hits="0"/><line number="265" hits="0"/><line number="266" hits="0"/><line number="268" hits="0"/><line number="269" hits="0"/><line number="270" hits="0"/><line number="271" hits="0"/><line number="273" hits="0"/><line number="274" hits="0"/><line number="275" hits="0"/><line number="280" hits="0"/><line number="281" hits="0"/><line number="285" hits="0"/><line number="287" hits="0"/><line number="288" hits="0"/><line number="290" hits="0"/></lines></class><class name="error" filename="whitespace-stego-core/src/error.rs" line-rate="0.2" branch-rate="0" complexity="0"><methods/><lines><line number="60" hits="1"/><line number="62" hits="1"/><line number="67" hits="1"/><line number="69" hits="1"/><line number="74" hits="0"/><line number="76" hits="0"/><line number="81" hits="0"/><line number="83" hits="0"/><line number="88" hits="0"/><line number="90" hits="0"/><line number="95" hits="0"/><line number="97" hits="0"/><line number="102" hits="0"/><line number="104" hits="0"/><line number="110" hits="0"/><line number="111" hits="0"/><line number="116" hits="0"/><line number="117" hits="0"/><line number="122" hits="0"/><line number="123" hits="0"/></lines></class></classes></package><package name="rust/target/release/build/target-lexicon-3fc6fdf13aa01ca7/out" line-rate="0" branch-rate="0" complexity="0"><classes></classes></package><package name="test_rust_binary" line-rate="0" branch-rate="0" complexity="0"><classes></classes></package><package name="whitespace-stego-python/src" line-rate="0" branch-rate="0" complexity="0"><classes></classes></package><package name="test_rust_binary/src" line-rate="0" branch-rate="0" complexity="0"><classes></classes></package><package name="whitespace-stego-core/benches" line-rate="0" branch-rate="0" complexity="0"><classes></classes></package><package name="whitespace-stego-cli/src/utils" line-rate="0" branch-rate="0" complexity="0"><classes></classes></package><package name="whitespace-stego-cli/src" line-rate="0" branch-rate="0" complexity="0"><classes></classes></package><package name="whitespace-stego-rust/src/bin" line-rate="0" branch-rate="0" complexity="0"><classes></classes></package><package name="whitespace-stego-rust/src" line-rate="0" branch-rate="0" complexity="0"><classes></classes></package><package name="whitespace-stego-cli/src/commands" line-rate="0" branch-rate="0" complexity="0"><classes></classes></package><package name="whitespace-stego-python/target/release/build/typenum-0c785db15b18a4c4/out" line-rate="0" branch-rate="0" complexity="0"><classes></classes></package></packages></coverage>