<?xml version="1.0"?><coverage lines-covered="143" lines-valid="386" line-rate="0.3704663212435233" branches-covered="0" branches-valid="0" branch-rate="0" complexity="0" version="1.9" timestamp="1752346449"><sources><source>/projects/whitespace-stego3</source></sources><packages><package name="implementations/python/whitespace-stego-python/target/release/build/typenum-0c785db15b18a4c4/out" line-rate="0" branch-rate="0" complexity="0"><classes></classes></package><package name="implementations/python/whitespace-stego-rust/src/bin" line-rate="0" branch-rate="0" complexity="0"><classes></classes></package><package name="implementations/python/whitespace-stego-core/tests" line-rate="0" branch-rate="0" complexity="0"><classes></classes></package><package name="implementations/python/whitespace-stego-cli/src" line-rate="0" branch-rate="0" complexity="0"><classes></classes></package><package name="implementations/python/whitespace-stego-core/src" line-rate="0.5143884892086331" branch-rate="0" complexity="0"><classes><class name="crypto" filename="implementations/python/whitespace-stego-core/src/crypto.rs" line-rate="0.6857142857142857" branch-rate="0" complexity="0"><methods/><lines><line number="34" hits="1"/><line number="35" hits="1"/><line number="36" hits="1"/><line number="37" hits="1"/><line number="38" hits="1"/><line number="58" hits="1"/><line number="59" hits="1"/><line number="62" hits="1"/><line number="63" hits="1"/><line number="64" hits="0"/><line number="68" hits="1"/><line number="69" hits="0"/><line number="73" hits="1"/><line number="76" hits="2"/><line number="77" hits="1"/><line number="78" hits="1"/><line number="80" hits="1"/><line number="101" hits="2"/><line number="102" hits="2"/><line number="103" hits="0"/><line number="104" hits="0"/><line number="108" hits="2"/><line number="111" hits="2"/><line number="112" hits="2"/><line number="115" hits="2"/><line number="117" hits="0"/><line number="121" hits="2"/><line number="123" hits="2"/><line number="124" hits="1"/><line number="143" hits="0"/><line number="144" hits="0"/><line number="145" hits="0"/><line number="150" hits="0"/><line number="151" hits="0"/><line number="155" hits="0"/></lines></class><class name="decode" filename="implementations/python/whitespace-stego-core/src/decode.rs" line-rate="0.48412698412698413" branch-rate="0" complexity="0"><methods/><lines><line number="14" hits="0"/><line number="15" hits="0"/><line number="20" hits="0"/><line number="44" hits="1"/><line number="45" hits="1"/><line number="46" hits="1"/><line number="47" hits="1"/><line number="49" hits="2"/><line number="50" hits="2"/><line number="51" hits="1"/><line number="52" hits="1"/><line number="54" hits="2"/><line number="55" hits="1"/><line number="56" hits="1"/><line number="57" hits="1"/><line number="63" hits="1"/><line number="64" hits="0"/><line number="70" hits="2"/><line number="98" hits="1"/><line number="99" hits="1"/><line number="127" hits="0"/><line number="128" hits="0"/><line number="147" hits="1"/><line number="148" hits="1"/><line number="149" hits="1"/><line number="150" hits="2"/><line number="151" hits="2"/><line number="152" hits="1"/><line number="153" hits="1"/><line number="154" hits="1"/><line number="155" hits="1"/><line number="157" hits="3"/><line number="159" hits="2"/><line number="160" hits="3"/><line number="161" hits="1"/><line number="162" hits="2"/><line number="164" hits="2"/><line number="165" hits="2"/><line number="167" hits="0"/><line number="168" hits="0"/><line number="173" hits="7"/><line number="175" hits="4"/><line number="176" hits="2"/><line number="178" hits="4"/><line number="179" hits="1"/><line number="181" hits="2"/><line number="182" hits="1"/><line number="185" hits="0"/><line number="186" hits="0"/><line number="193" hits="2"/><line number="194" hits="2"/><line number="195" hits="1"/><line number="201" hits="0"/><line number="202" hits="0"/><line number="203" hits="0"/><line number="208" hits="6"/><line number="209" hits="3"/><line number="210" hits="3"/><line number="211" hits="3"/><line number="214" hits="0"/><line number="215" hits="0"/><line number="222" hits="0"/><line number="223" hits="0"/><line number="224" hits="0"/><line number="228" hits="6"/><line number="229" hits="3"/><line number="231" hits="2"/><line number="233" hits="6"/><line number="235" hits="0"/><line number="238" hits="2"/><line number="243" hits="5"/><line number="244" hits="2"/><line number="245" hits="3"/><line number="246" hits="2"/><line number="248" hits="0"/><line number="251" hits="2"/><line number="254" hits="3"/><line number="261" hits="1"/><line number="262" hits="4"/><line number="265" hits="6"/><line number="266" hits="10"/><line number="268" hits="0"/><line number="292" hits="0"/><line number="293" hits="0"/><line number="295" hits="0"/><line number="296" hits="0"/><line number="298" hits="0"/><line number="299" hits="0"/><line number="301" hits="0"/><line number="302" hits="0"/><line number="308" hits="0"/><line number="309" hits="0"/><line number="310" hits="0"/><line number="311" hits="0"/><line number="313" hits="0"/><line number="314" hits="0"/><line number="315" hits="0"/><line number="316" hits="0"/><line number="318" hits="0"/><line number="319" hits="0"/><line number="320" hits="0"/><line number="325" hits="0"/><line number="326" hits="0"/><line number="330" hits="0"/><line number="332" hits="0"/><line number="333" hits="0"/><line number="337" hits="0"/><line number="338" hits="0"/><line number="339" hits="0"/><line number="343" hits="0"/><line number="344" hits="0"/><line number="347" hits="0"/><line number="363" hits="0"/><line number="364" hits="0"/><line number="365" hits="0"/><line number="367" hits="0"/><line number="368" hits="0"/><line number="371" hits="0"/><line number="391" hits="0"/><line number="392" hits="0"/><line number="393" hits="0"/><line number="394" hits="0"/><line number="414" hits="0"/><line number="415" hits="0"/><line number="416" hits="0"/><line number="417" hits="0"/></lines></class><class name="encode" filename="implementations/python/whitespace-stego-core/src/encode.rs" line-rate="0.5567010309278351" branch-rate="0" complexity="0"><methods/><lines><line number="30" hits="3"/><line number="31" hits="3"/><line number="32" hits="6"/><line number="33" hits="6"/><line number="34" hits="7"/><line number="35" hits="1"/><line number="37" hits="4"/><line number="51" hits="1"/><line number="52" hits="2"/><line number="53" hits="3"/><line number="54" hits="4"/><line number="71" hits="3"/><line number="73" hits="1"/><line number="74" hits="3"/><line number="75" hits="1"/><line number="76" hits="3"/><line number="79" hits="1"/><line number="82" hits="3"/><line number="83" hits="9"/><line number="84" hits="3"/><line number="86" hits="1"/><line number="92" hits="0"/><line number="93" hits="0"/><line number="94" hits="0"/><line number="97" hits="0"/><line number="110" hits="4"/><line number="112" hits="4"/><line number="113" hits="4"/><line number="114" hits="4"/><line number="115" hits="4"/><line number="118" hits="4"/><line number="119" hits="2"/><line number="120" hits="6"/><line number="121" hits="0"/><line number="124" hits="6"/><line number="125" hits="3"/><line number="126" hits="6"/><line number="127" hits="3"/><line number="128" hits="3"/><line number="130" hits="6"/><line number="132" hits="3"/><line number="136" hits="1"/><line number="137" hits="2"/><line number="138" hits="1"/><line number="140" hits="2"/><line number="142" hits="0"/><line number="143" hits="0"/><line number="144" hits="0"/><line number="147" hits="0"/><line number="148" hits="0"/><line number="149" hits="0"/><line number="150" hits="0"/><line number="151" hits="0"/><line number="153" hits="0"/><line number="155" hits="0"/><line number="156" hits="0"/><line number="158" hits="0"/><line number="159" hits="0"/><line number="162" hits="1"/><line number="191" hits="1"/><line number="193" hits="4"/><line number="194" hits="0"/><line number="200" hits="2"/><line number="202" hits="1"/><line number="204" hits="2"/><line number="207" hits="3"/><line number="211" hits="6"/><line number="212" hits="5"/><line number="215" hits="5"/><line number="216" hits="1"/><line number="220" hits="4"/><line number="223" hits="4"/><line number="225" hits="1"/><line number="241" hits="0"/><line number="242" hits="0"/><line number="258" hits="0"/><line number="259" hits="0"/><line number="260" hits="0"/><line number="262" hits="0"/><line number="263" hits="0"/><line number="267" hits="0"/><line number="268" hits="0"/><line number="269" hits="0"/><line number="270" hits="0"/><line number="272" hits="0"/><line number="273" hits="0"/><line number="274" hits="0"/><line number="275" hits="0"/><line number="277" hits="0"/><line number="278" hits="0"/><line number="279" hits="0"/><line number="284" hits="0"/><line number="285" hits="0"/><line number="289" hits="0"/><line number="291" hits="0"/><line number="292" hits="0"/><line number="294" hits="0"/></lines></class><class name="error" filename="implementations/python/whitespace-stego-core/src/error.rs" line-rate="0.2" branch-rate="0" complexity="0"><methods/><lines><line number="60" hits="1"/><line number="62" hits="1"/><line number="67" hits="1"/><line number="69" hits="1"/><line number="74" hits="0"/><line number="76" hits="0"/><line number="81" hits="0"/><line number="83" hits="0"/><line number="88" hits="0"/><line number="90" hits="0"/><line number="95" hits="0"/><line number="97" hits="0"/><line number="102" hits="0"/><line number="104" hits="0"/><line number="110" hits="0"/><line number="111" hits="0"/><line number="116" hits="0"/><line number="117" hits="0"/><line number="122" hits="0"/><line number="123" hits="0"/></lines></class></classes></package><package name="implementations/python/whitespace-stego-cli/src/commands" line-rate="0" branch-rate="0" complexity="0"><classes></classes></package><package name="implementations/python/whitespace-stego-cli/src/utils" line-rate="0" branch-rate="0" complexity="0"><classes></classes></package><package name="implementations/python/whitespace-stego-python/src" line-rate="0" branch-rate="0" complexity="0"><classes></classes></package><package name="wasi/src" line-rate="0" branch-rate="0" complexity="0"><classes></classes></package><package name="implementations/rust/src" line-rate="0" branch-rate="0" complexity="0"><classes><class name="bench_core" filename="implementations/rust/src/bench_core.rs" line-rate="0" branch-rate="0" complexity="0"><methods/><lines><line number="11" hits="0"/><line number="19" hits="0"/><line number="20" hits="0"/><line number="21" hits="0"/><line number="22" hits="0"/><line number="25" hits="0"/><line number="26" hits="0"/><line number="27" hits="0"/><line number="28" hits="0"/><line number="29" hits="0"/><line number="32" hits="0"/><line number="33" hits="0"/><line number="36" hits="0"/><line number="37" hits="0"/><line number="38" hits="0"/><line number="39" hits="0"/><line number="40" hits="0"/><line number="41" hits="0"/><line number="42" hits="0"/><line number="43" hits="0"/><line number="44" hits="0"/><line number="45" hits="0"/><line number="48" hits="0"/><line number="49" hits="0"/><line number="54" hits="0"/><line number="55" hits="0"/><line number="57" hits="0"/><line number="60" hits="0"/><line number="61" hits="0"/><line number="62" hits="0"/><line number="63" hits="0"/><line number="64" hits="0"/><line number="65" hits="0"/><line number="66" hits="0"/><line number="68" hits="0"/></lines></class><class name="main" filename="implementations/rust/src/main.rs" line-rate="0" branch-rate="0" complexity="0"><methods/><lines><line number="8" hits="0"/><line number="9" hits="0"/><line number="10" hits="0"/><line number="15" hits="0"/><line number="16" hits="0"/><line number="18" hits="0"/><line number="25" hits="0"/><line number="31" hits="0"/><line number="38" hits="0"/><line number="44" hits="0"/><line number="51" hits="0"/><line number="59" hits="0"/><line number="60" hits="0"/><line number="62" hits="0"/><line number="69" hits="0"/><line number="75" hits="0"/><line number="82" hits="0"/><line number="91" hits="0"/><line number="92" hits="0"/><line number="93" hits="0"/><line number="94" hits="0"/><line number="95" hits="0"/><line number="96" hits="0"/><line number="98" hits="0"/><line number="100" hits="0"/><line number="101" hits="0"/><line number="102" hits="0"/><line number="103" hits="0"/><line number="105" hits="0"/><line number="107" hits="0"/><line number="108" hits="0"/><line number="109" hits="0"/><line number="110" hits="0"/><line number="111" hits="0"/><line number="112" hits="0"/><line number="114" hits="0"/><line number="117" hits="0"/><line number="118" hits="0"/><line number="119" hits="0"/><line number="120" hits="0"/><line number="121" hits="0"/><line number="123" hits="0"/><line number="125" hits="0"/><line number="126" hits="0"/><line number="127" hits="0"/><line number="129" hits="0"/><line number="130" hits="0"/><line number="132" hits="0"/><line number="136" hits="0"/><line number="139" hits="0"/></lines></class></classes></package><package name="implementations/rust/target/release/build/target-lexicon-b956ea8740ea58e9/out" line-rate="0" branch-rate="0" complexity="0"><classes></classes></package><package name="implementations/python/whitespace-stego-core/benches" line-rate="0" branch-rate="0" complexity="0"><classes></classes></package><package name="implementations/python/whitespace-stego-rust/src" line-rate="0" branch-rate="0" complexity="0"><classes></classes></package><package name="implementations/python/whitespace-stego-cli/src/io" line-rate="0" branch-rate="0" complexity="0"><classes><class name="streams" filename="implementations/python/whitespace-stego-cli/src/io/streams.rs" line-rate="0" branch-rate="0" complexity="0"><methods/><lines><line number="28" hits="0"/><line number="29" hits="0"/><line number="31" hits="0"/><line number="32" hits="0"/><line number="33" hits="0"/><line number="34" hits="0"/><line number="35" hits="0"/><line number="36" hits="0"/><line number="37" hits="0"/><line number="39" hits="0"/><line number="41" hits="0"/><line number="44" hits="0"/><line number="46" hits="0"/><line number="47" hits="0"/><line number="48" hits="0"/><line number="50" hits="0"/><line number="51" hits="0"/><line number="52" hits="0"/><line number="56" hits="0"/><line number="57" hits="0"/><line number="60" hits="0"/><line number="77" hits="0"/><line number="78" hits="0"/></lines></class></classes></package><package name="implementations/rust/target/release/build/typenum-0c785db15b18a4c4/out" line-rate="0" branch-rate="0" complexity="0"><classes></classes></package><package name="implementations/python/whitespace-stego-python/target/release/build/target-lexicon-b956ea8740ea58e9/out" line-rate="0" branch-rate="0" complexity="0"><classes></classes></package></packages></coverage>